# JRE version: OpenJDK Runtime Environment Temurin-21.0.9+10 (21.0.9+10) (build 21.0.9+10-LTS)
# Java VM: OpenJDK 64-Bit Server VM Temurin-21.0.9+10 (21.0.9+10-LTS, mixed mode, sharing, tiered, compressed oops, compressed class ptrs, parallel gc, windows-amd64)
GC Precious Log:
 CardTable entry size: 512
 CPUs: 12 total, 12 available
 Memory: 7484M
 Large Page Support: Disabled
 NUMA Support: Disabled
 Compressed Oops: Enabled (32-bit)
 Alignments: Space 512K, Generation 512K, Heap 2M
 Heap Min Capacity: 100M
 Heap Initial Capacity: 100M
 Heap Max Capacity: 2G
 Pre-touch: Disabled
 Parallel Workers: 10
Heap:
 PSYoungGen      total 5632K, used 2994K [0x00000000d5580000, 0x00000000d5c00000, 0x0000000100000000)
  eden space 5120K, 52% used [0x00000000d5580000,0x00000000d5824bf0,0x00000000d5a80000)
  from space 512K, 56% used [0x00000000d5b80000,0x00000000d5bc8000,0x00000000d5c00000)
  to   space 512K, 0% used [0x00000000d5b00000,0x00000000d5b00000,0x00000000d5b80000)
 ParOldGen       total 580096K, used 579786K [0x0000000080000000, 0x00000000a3680000, 0x00000000d5580000)
  object space 580096K, 99% used [0x0000000080000000,0x00000000a3632968,0x00000000a3680000)
 Metaspace       used 65134K, committed 66560K, reserved 1114112K
  class space    used 7455K, committed 8128K, reserved 1048576K
GC Heap History (20 events):
Event: 18.136 GC heap before
{Heap before GC invocations=632 (full 3):
 PSYoungGen      total 4608K, used 4448K [0x00000000d5580000, 0x00000000d5c00000, 0x0000000100000000)
  eden space 4096K, 100% used [0x00000000d5580000,0x00000000d5980000,0x00000000d5980000)
  from space 512K, 68% used [0x00000000d5b80000,0x00000000d5bd8000,0x00000000d5c00000)
  to   space 1024K, 0% used [0x00000000d5a00000,0x00000000d5a00000,0x00000000d5b00000)
 ParOldGen       total 576512K, used 576455K [0x0000000080000000, 0x00000000a3300000, 0x00000000d5580000)
  object space 576512K, 99% used [0x0000000080000000,0x00000000a32f1f98,0x00000000a3300000)
 Metaspace       used 64928K, committed 66368K, reserved 1114112K
  class space    used 7452K, committed 8128K, reserved 1048576K
}
Event: 18.138 GC heap after
{Heap after GC invocations=632 (full 3):
 PSYoungGen      total 5120K, used 416K [0x00000000d5580000, 0x00000000d5c00000, 0x0000000100000000)
  eden space 4096K, 0% used [0x00000000d5580000,0x00000000d5580000,0x00000000d5980000)
  from space 1024K, 40% used [0x00000000d5a00000,0x00000000d5a68020,0x00000000d5b00000)
  to   space 512K, 0% used [0x00000000d5b80000,0x00000000d5b80000,0x00000000d5c00000)
 ParOldGen       total 577024K, used 576607K [0x0000000080000000, 0x00000000a3380000, 0x00000000d5580000)
  object space 577024K, 99% used [0x0000000080000000,0x00000000a3317f98,0x00000000a3380000)
 Metaspace       used 64928K, committed 66368K, reserved 1114112K
  class space    used 7452K, committed 8128K, reserved 1048576K
}
Event: 18.147 GC heap before
{Heap before GC invocations=633 (full 3):
 PSYoungGen      total 5120K, used 4512K [0x00000000d5580000, 0x00000000d5c00000, 0x0000000100000000)
  eden space 4096K, 100% used [0x00000000d5580000,0x00000000d5980000,0x00000000d5980000)
  from space 1024K, 40% used [0x00000000d5a00000,0x00000000d5a68020,0x00000000d5b00000)
  to   space 512K, 0% used [0x00000000d5b80000,0x00000000d5b80000,0x00000000d5c00000)
 ParOldGen       total 577024K, used 576607K [0x0000000080000000, 0x00000000a3380000, 0x00000000d5580000)
  object space 577024K, 99% used [0x0000000080000000,0x00000000a3317f98,0x00000000a3380000)
 Metaspace       used 64929K, committed 66368K, reserved 1114112K
  class space    used 7452K, committed 8128K, reserved 1048576K
}
Event: 18.169 GC heap after
{Heap after GC invocations=633 (full 3):
 PSYoungGen      total 5632K, used 480K [0x00000000d5580000, 0x00000000d5c80000, 0x0000000100000000)
  eden space 5120K, 0% used [0x00000000d5580000,0x00000000d5580000,0x00000000d5a80000)
  from space 512K, 93% used [0x00000000d5b80000,0x00000000d5bf8020,0x00000000d5c00000)
  to   space 1024K, 0% used [0x00000000d5a80000,0x00000000d5a80000,0x00000000d5b80000)
 ParOldGen       total 577024K, used 576999K [0x0000000080000000, 0x00000000a3380000, 0x00000000d5580000)
  object space 577024K, 99% used [0x0000000080000000,0x00000000a3379ff8,0x00000000a3380000)
 Metaspace       used 64929K, committed 66368K, reserved 1114112K
  class space    used 7452K, committed 8128K, reserved 1048576K
}
Event: 18.184 GC heap before
{Heap before GC invocations=634 (full 3):
 PSYoungGen      total 5632K, used 5600K [0x00000000d5580000, 0x00000000d5c80000, 0x0000000100000000)
  eden space 5120K, 99% used [0x00000000d5580000,0x00000000d5a7fff0,0x00000000d5a80000)
  from space 512K, 93% used [0x00000000d5b80000,0x00000000d5bf8020,0x00000000d5c00000)
  to   space 1024K, 0% used [0x00000000d5a80000,0x00000000d5a80000,0x00000000d5b80000)
 ParOldGen       total 577024K, used 576999K [0x0000000080000000, 0x00000000a3380000, 0x00000000d5580000)
  object space 577024K, 99% used [0x0000000080000000,0x00000000a3379ff8,0x00000000a3380000)
 Metaspace       used 64954K, committed 66432K, reserved 1114112K
  class space    used 7454K, committed 8128K, reserved 1048576K
}
Event: 18.185 GC heap after
{Heap after GC invocations=634 (full 3):
 PSYoungGen      total 6144K, used 704K [0x00000000d5580000, 0x00000000d5d80000, 0x0000000100000000)
  eden space 5120K, 0% used [0x00000000d5580000,0x00000000d5580000,0x00000000d5a80000)
  from space 1024K, 68% used [0x00000000d5a80000,0x00000000d5b30040,0x00000000d5b80000)
  to   space 1024K, 0% used [0x00000000d5c80000,0x00000000d5c80000,0x00000000d5d80000)
 ParOldGen       total 577536K, used 577296K [0x0000000080000000, 0x00000000a3400000, 0x00000000d5580000)
  object space 577536K, 99% used [0x0000000080000000,0x00000000a33c4018,0x00000000a3400000)
 Metaspace       used 64954K, committed 66432K, reserved 1114112K
  class space    used 7454K, committed 8128K, reserved 1048576K
}
Event: 18.206 GC heap before
{Heap before GC invocations=635 (full 3):
 PSYoungGen      total 6144K, used 5824K [0x00000000d5580000, 0x00000000d5d80000, 0x0000000100000000)
  eden space 5120K, 99% used [0x00000000d5580000,0x00000000d5a7ffe8,0x00000000d5a80000)
  from space 1024K, 68% used [0x00000000d5a80000,0x00000000d5b30040,0x00000000d5b80000)
  to   space 1024K, 0% used [0x00000000d5c80000,0x00000000d5c80000,0x00000000d5d80000)
 ParOldGen       total 577536K, used 577296K [0x0000000080000000, 0x00000000a3400000, 0x00000000d5580000)
  object space 577536K, 99% used [0x0000000080000000,0x00000000a33c4018,0x00000000a3400000)
 Metaspace       used 64980K, committed 66432K, reserved 1114112K
  class space    used 7454K, committed 8128K, reserved 1048576K
}
Event: 18.207 GC heap after
{Heap after GC invocations=635 (full 3):
 PSYoungGen      total 6144K, used 876K [0x00000000d5580000, 0x00000000d5d80000, 0x0000000100000000)
  eden space 5120K, 0% used [0x00000000d5580000,0x00000000d5580000,0x00000000d5a80000)
  from space 1024K, 85% used [0x00000000d5c80000,0x00000000d5d5b080,0x00000000d5d80000)
  to   space 1024K, 0% used [0x00000000d5a80000,0x00000000d5a80000,0x00000000d5b80000)
 ParOldGen       total 578048K, used 577816K [0x0000000080000000, 0x00000000a3480000, 0x00000000d5580000)
  object space 578048K, 99% used [0x0000000080000000,0x00000000a3446058,0x00000000a3480000)
 Metaspace       used 64980K, committed 66432K, reserved 1114112K
  class space    used 7454K, committed 8128K, reserved 1048576K
}
Event: 18.251 GC heap before
{Heap before GC invocations=636 (full 3):
 PSYoungGen      total 6144K, used 5996K [0x00000000d5580000, 0x00000000d5d80000, 0x0000000100000000)
  eden space 5120K, 100% used [0x00000000d5580000,0x00000000d5a80000,0x00000000d5a80000)
  from space 1024K, 85% used [0x00000000d5c80000,0x00000000d5d5b080,0x00000000d5d80000)
  to   space 1024K, 0% used [0x00000000d5a80000,0x00000000d5a80000,0x00000000d5b80000)
 ParOldGen       total 578048K, used 577816K [0x0000000080000000, 0x00000000a3480000, 0x00000000d5580000)
  object space 578048K, 99% used [0x0000000080000000,0x00000000a3446058,0x00000000a3480000)
 Metaspace       used 64998K, committed 66432K, reserved 1114112K
  class space    used 7454K, committed 8128K, reserved 1048576K
}
Event: 18.252 GC heap after
{Heap after GC invocations=636 (full 3):
 PSYoungGen      total 6144K, used 740K [0x00000000d5580000, 0x00000000d5d00000, 0x0000000100000000)
  eden space 5120K, 0% used [0x00000000d5580000,0x00000000d5580000,0x00000000d5a80000)
  from space 1024K, 72% used [0x00000000d5a80000,0x00000000d5b39038,0x00000000d5b80000)
  to   space 1024K, 0% used [0x00000000d5c00000,0x00000000d5c00000,0x00000000d5d00000)
 ParOldGen       total 578560K, used 578368K [0x0000000080000000, 0x00000000a3500000, 0x00000000d5580000)
  object space 578560K, 99% used [0x0000000080000000,0x00000000a34d00c8,0x00000000a3500000)
 Metaspace       used 64998K, committed 66432K, reserved 1114112K
  class space    used 7454K, committed 8128K, reserved 1048576K
}
Event: 18.263 GC heap before
{Heap before GC invocations=637 (full 3):
 PSYoungGen      total 6144K, used 5860K [0x00000000d5580000, 0x00000000d5d00000, 0x0000000100000000)
  eden space 5120K, 99% used [0x00000000d5580000,0x00000000d5a7ffe0,0x00000000d5a80000)
  from space 1024K, 72% used [0x00000000d5a80000,0x00000000d5b39038,0x00000000d5b80000)
  to   space 1024K, 0% used [0x00000000d5c00000,0x00000000d5c00000,0x00000000d5d00000)
 ParOldGen       total 578560K, used 578368K [0x0000000080000000, 0x00000000a3500000, 0x00000000d5580000)
  object space 578560K, 99% used [0x0000000080000000,0x00000000a34d00c8,0x00000000a3500000)
 Metaspace       used 65005K, committed 66432K, reserved 1114112K
  class space    used 7454K, committed 8128K, reserved 1048576K
}
Event: 18.264 GC heap after
{Heap after GC invocations=637 (full 3):
 PSYoungGen      total 6144K, used 840K [0x00000000d5580000, 0x00000000d5d00000, 0x0000000100000000)
  eden space 5120K, 0% used [0x00000000d5580000,0x00000000d5580000,0x00000000d5a80000)
  from space 1024K, 82% used [0x00000000d5c00000,0x00000000d5cd2298,0x00000000d5d00000)
  to   space 1024K, 0% used [0x00000000d5a80000,0x00000000d5a80000,0x00000000d5b80000)
 ParOldGen       total 579072K, used 578752K [0x0000000080000000, 0x00000000a3580000, 0x00000000d5580000)
  object space 579072K, 99% used [0x0000000080000000,0x00000000a35300d8,0x00000000a3580000)
 Metaspace       used 65005K, committed 66432K, reserved 1114112K
  class space    used 7454K, committed 8128K, reserved 1048576K
}
Event: 18.285 GC heap before
{Heap before GC invocations=638 (full 3):
 PSYoungGen      total 6144K, used 5960K [0x00000000d5580000, 0x00000000d5d00000, 0x0000000100000000)
  eden space 5120K, 100% used [0x00000000d5580000,0x00000000d5a80000,0x00000000d5a80000)
  from space 1024K, 82% used [0x00000000d5c00000,0x00000000d5cd2298,0x00000000d5d00000)
  to   space 1024K, 0% used [0x00000000d5a80000,0x00000000d5a80000,0x00000000d5b80000)
 ParOldGen       total 579072K, used 578752K [0x0000000080000000, 0x00000000a3580000, 0x00000000d5580000)
  object space 579072K, 99% used [0x0000000080000000,0x00000000a35300d8,0x00000000a3580000)
 Metaspace       used 65025K, committed 66432K, reserved 1114112K
  class space    used 7454K, committed 8128K, reserved 1048576K
}
Event: 18.286 GC heap after
{Heap after GC invocations=638 (full 3):
 PSYoungGen      total 6144K, used 862K [0x00000000d5580000, 0x00000000d5c80000, 0x0000000100000000)
  eden space 5120K, 0% used [0x00000000d5580000,0x00000000d5580000,0x00000000d5a80000)
  from space 1024K, 84% used [0x00000000d5a80000,0x00000000d5b57858,0x00000000d5b80000)
  to   space 1024K, 0% used [0x00000000d5b80000,0x00000000d5b80000,0x00000000d5c80000)
 ParOldGen       total 579584K, used 579114K [0x0000000080000000, 0x00000000a3600000, 0x00000000d5580000)
  object space 579584K, 99% used [0x0000000080000000,0x00000000a358a938,0x00000000a3600000)
 Metaspace       used 65025K, committed 66432K, reserved 1114112K
  class space    used 7454K, committed 8128K, reserved 1048576K
}
Event: 18.343 GC heap before
{Heap before GC invocations=639 (full 3):
 PSYoungGen      total 6144K, used 5982K [0x00000000d5580000, 0x00000000d5c80000, 0x0000000100000000)
  eden space 5120K, 100% used [0x00000000d5580000,0x00000000d5a80000,0x00000000d5a80000)
  from space 1024K, 84% used [0x00000000d5a80000,0x00000000d5b57858,0x00000000d5b80000)
  to   space 1024K, 0% used [0x00000000d5b80000,0x00000000d5b80000,0x00000000d5c80000)
 ParOldGen       total 579584K, used 579114K [0x0000000080000000, 0x00000000a3600000, 0x00000000d5580000)
  object space 579584K, 99% used [0x0000000080000000,0x00000000a358a938,0x00000000a3600000)
 Metaspace       used 65064K, committed 66496K, reserved 1114112K
  class space    used 7454K, committed 8128K, reserved 1048576K
}
Event: 18.345 GC heap after
{Heap after GC invocations=639 (full 3):
 PSYoungGen      total 6144K, used 320K [0x00000000d5580000, 0x00000000d5c80000, 0x0000000100000000)
  eden space 5120K, 0% used [0x00000000d5580000,0x00000000d5580000,0x00000000d5a80000)
  from space 1024K, 31% used [0x00000000d5b80000,0x00000000d5bd0000,0x00000000d5c80000)
  to   space 1024K, 0% used [0x00000000d5a80000,0x00000000d5a80000,0x00000000d5b80000)
 ParOldGen       total 580096K, used 579650K [0x0000000080000000, 0x00000000a3680000, 0x00000000d5580000)
  object space 580096K, 99% used [0x0000000080000000,0x00000000a3610968,0x00000000a3680000)
 Metaspace       used 65064K, committed 66496K, reserved 1114112K
  class space    used 7454K, committed 8128K, reserved 1048576K
}
Event: 18.400 GC heap before
{Heap before GC invocations=640 (full 3):
 PSYoungGen      total 6144K, used 5440K [0x00000000d5580000, 0x00000000d5c80000, 0x0000000100000000)
  eden space 5120K, 100% used [0x00000000d5580000,0x00000000d5a80000,0x00000000d5a80000)
  from space 1024K, 31% used [0x00000000d5b80000,0x00000000d5bd0000,0x00000000d5c80000)
  to   space 1024K, 0% used [0x00000000d5a80000,0x00000000d5a80000,0x00000000d5b80000)
 ParOldGen       total 580096K, used 579650K [0x0000000080000000, 0x00000000a3680000, 0x00000000d5580000)
  object space 580096K, 99% used [0x0000000080000000,0x00000000a3610968,0x00000000a3680000)
 Metaspace       used 65097K, committed 66496K, reserved 1114112K
  class space    used 7455K, committed 8128K, reserved 1048576K
}
Event: 18.402 GC heap after
{Heap after GC invocations=640 (full 3):
 PSYoungGen      total 6144K, used 288K [0x00000000d5580000, 0x00000000d5c00000, 0x0000000100000000)
  eden space 5120K, 0% used [0x00000000d5580000,0x00000000d5580000,0x00000000d5a80000)
  from space 1024K, 28% used [0x00000000d5a80000,0x00000000d5ac8000,0x00000000d5b80000)
  to   space 512K, 0% used [0x00000000d5b80000,0x00000000d5b80000,0x00000000d5c00000)
 ParOldGen       total 580096K, used 579714K [0x0000000080000000, 0x00000000a3680000, 0x00000000d5580000)
  object space 580096K, 99% used [0x0000000080000000,0x00000000a3620968,0x00000000a3680000)
 Metaspace       used 65097K, committed 66496K, reserved 1114112K
  class space    used 7455K, committed 8128K, reserved 1048576K
}
Event: 18.457 GC heap before
{Heap before GC invocations=641 (full 3):
 PSYoungGen      total 6144K, used 5408K [0x00000000d5580000, 0x00000000d5c00000, 0x0000000100000000)
  eden space 5120K, 100% used [0x00000000d5580000,0x00000000d5a80000,0x00000000d5a80000)
  from space 1024K, 28% used [0x00000000d5a80000,0x00000000d5ac8000,0x00000000d5b80000)
  to   space 512K, 0% used [0x00000000d5b80000,0x00000000d5b80000,0x00000000d5c00000)
 ParOldGen       total 580096K, used 579714K [0x0000000080000000, 0x00000000a3680000, 0x00000000d5580000)
  object space 580096K, 99% used [0x0000000080000000,0x00000000a3620968,0x00000000a3680000)
 Metaspace       used 65127K, committed 66560K, reserved 1114112K
  class space    used 7455K, committed 8128K, reserved 1048576K
}
Event: 18.458 GC heap after
{Heap after GC invocations=641 (full 3):
 PSYoungGen      total 5632K, used 288K [0x00000000d5580000, 0x00000000d5c00000, 0x0000000100000000)
  eden space 5120K, 0% used [0x00000000d5580000,0x00000000d5580000,0x00000000d5a80000)
  from space 512K, 56% used [0x00000000d5b80000,0x00000000d5bc8000,0x00000000d5c00000)
  to   space 512K, 0% used [0x00000000d5b00000,0x00000000d5b00000,0x00000000d5b80000)
 ParOldGen       total 580096K, used 579786K [0x0000000080000000, 0x00000000a3680000, 0x00000000d5580000)
  object space 580096K, 99% used [0x0000000080000000,0x00000000a3632968,0x00000000a3680000)
 Metaspace       used 65127K, committed 66560K, reserved 1114112K
  class space    used 7455K, committed 8128K, reserved 1048576K
}

