# JRE version: OpenJDK Runtime Environment Temurin-21.0.8+9 (21.0.8+9) (build 21.0.8+9-LTS)
# Java VM: OpenJDK 64-Bit Server VM Temurin-21.0.8+9 (21.0.8+9-LTS, mixed mode, sharing, tiered, compressed oops, compressed class ptrs, parallel gc, windows-amd64)
GC Precious Log:
 CardTable entry size: 512
 CPUs: 12 total, 12 available
 Memory: 7484M
 Large Page Support: Disabled
 NUMA Support: Disabled
 Compressed Oops: Enabled (32-bit)
 Alignments: Space 512K, Generation 512K, Heap 2M
 Heap Min Capacity: 100M
 Heap Initial Capacity: 100M
 Heap Max Capacity: 2G
 Pre-touch: Disabled
 Parallel Workers: 10
Heap:
 PSYoungGen      total 72192K, used 52853K [0x00000000d5580000, 0x00000000dc280000, 0x0000000100000000)
  eden space 61440K, 68% used [0x00000000d5580000,0x00000000d7ea03b8,0x00000000d9180000)
  from space 10752K, 99% used [0x00000000db300000,0x00000000dbd7d0f8,0x00000000dbd80000)
  to   space 25088K, 0% used [0x00000000d9180000,0x00000000d9180000,0x00000000daa00000)
 ParOldGen       total 1179648K, used 1179481K [0x0000000080000000, 0x00000000c8000000, 0x00000000d5580000)
  object space 1179648K, 99% used [0x0000000080000000,0x00000000c7fd6450,0x00000000c8000000)
 Metaspace       used 88882K, committed 90752K, reserved 1179648K
  class space    used 10294K, committed 11136K, reserved 1048576K
GC Heap History (20 events):
Event: 1738.192 GC heap before
{Heap before GC invocations=3125 (full 5):
 PSYoungGen      total 68608K, used 63157K [0x00000000d5580000, 0x00000000dbe80000, 0x0000000100000000)
  eden space 68096K, 92% used [0x00000000d5580000,0x00000000d92ed580,0x00000000d9800000)
  from space 512K, 50% used [0x00000000dbe00000,0x00000000dbe40000,0x00000000dbe80000)
  to   space 512K, 0% used [0x00000000dbd80000,0x00000000dbd80000,0x00000000dbe00000)
 ParOldGen       total 1152512K, used 1152389K [0x0000000080000000, 0x00000000c6580000, 0x00000000d5580000)
  object space 1152512K, 99% used [0x0000000080000000,0x00000000c65614b0,0x00000000c6580000)
 Metaspace       used 88854K, committed 90752K, reserved 1179648K
  class space    used 10294K, committed 11136K, reserved 1048576K
}
Event: 1738.194 GC heap after
{Heap after GC invocations=3125 (full 5):
 PSYoungGen      total 66560K, used 256K [0x00000000d5580000, 0x00000000dbe80000, 0x0000000100000000)
  eden space 66048K, 0% used [0x00000000d5580000,0x00000000d5580000,0x00000000d9600000)
  from space 512K, 50% used [0x00000000dbd80000,0x00000000dbdc0000,0x00000000dbe00000)
  to   space 512K, 0% used [0x00000000dbe00000,0x00000000dbe00000,0x00000000dbe80000)
 ParOldGen       total 1152512K, used 1152477K [0x0000000080000000, 0x00000000c6580000, 0x00000000d5580000)
  object space 1152512K, 99% used [0x0000000080000000,0x00000000c65774b0,0x00000000c6580000)
 Metaspace       used 88854K, committed 90752K, reserved 1179648K
  class space    used 10294K, committed 11136K, reserved 1048576K
}
Event: 1738.317 GC heap before
{Heap before GC invocations=3126 (full 5):
 PSYoungGen      total 66560K, used 61954K [0x00000000d5580000, 0x00000000dbe80000, 0x0000000100000000)
  eden space 66048K, 93% used [0x00000000d5580000,0x00000000d91c08d8,0x00000000d9600000)
  from space 512K, 50% used [0x00000000dbd80000,0x00000000dbdc0000,0x00000000dbe00000)
  to   space 512K, 0% used [0x00000000dbe00000,0x00000000dbe00000,0x00000000dbe80000)
 ParOldGen       total 1152512K, used 1152477K [0x0000000080000000, 0x00000000c6580000, 0x00000000d5580000)
  object space 1152512K, 99% used [0x0000000080000000,0x00000000c65774b0,0x00000000c6580000)
 Metaspace       used 88854K, committed 90752K, reserved 1179648K
  class space    used 10294K, committed 11136K, reserved 1048576K
}
Event: 1738.319 GC heap after
{Heap after GC invocations=3126 (full 5):
 PSYoungGen      total 64512K, used 288K [0x00000000d5580000, 0x00000000dbe80000, 0x0000000100000000)
  eden space 64000K, 0% used [0x00000000d5580000,0x00000000d5580000,0x00000000d9400000)
  from space 512K, 56% used [0x00000000dbe00000,0x00000000dbe48000,0x00000000dbe80000)
  to   space 512K, 0% used [0x00000000dbd80000,0x00000000dbd80000,0x00000000dbe00000)
 ParOldGen       total 1153024K, used 1152573K [0x0000000080000000, 0x00000000c6600000, 0x00000000d5580000)
  object space 1153024K, 99% used [0x0000000080000000,0x00000000c658f4b0,0x00000000c6600000)
 Metaspace       used 88854K, committed 90752K, reserved 1179648K
  class space    used 10294K, committed 11136K, reserved 1048576K
}
Event: 1738.430 GC heap before
{Heap before GC invocations=3127 (full 5):
 PSYoungGen      total 64512K, used 62498K [0x00000000d5580000, 0x00000000dbe80000, 0x0000000100000000)
  eden space 64000K, 97% used [0x00000000d5580000,0x00000000d9240bf0,0x00000000d9400000)
  from space 512K, 56% used [0x00000000dbe00000,0x00000000dbe48000,0x00000000dbe80000)
  to   space 512K, 0% used [0x00000000dbd80000,0x00000000dbd80000,0x00000000dbe00000)
 ParOldGen       total 1153024K, used 1152573K [0x0000000080000000, 0x00000000c6600000, 0x00000000d5580000)
  object space 1153024K, 99% used [0x0000000080000000,0x00000000c658f4b0,0x00000000c6600000)
 Metaspace       used 88854K, committed 90752K, reserved 1179648K
  class space    used 10294K, committed 11136K, reserved 1048576K
}
Event: 1738.433 GC heap after
{Heap after GC invocations=3127 (full 5):
 PSYoungGen      total 62464K, used 224K [0x00000000d5580000, 0x00000000dbe80000, 0x0000000100000000)
  eden space 61952K, 0% used [0x00000000d5580000,0x00000000d5580000,0x00000000d9200000)
  from space 512K, 43% used [0x00000000dbd80000,0x00000000dbdb8000,0x00000000dbe00000)
  to   space 512K, 0% used [0x00000000dbe00000,0x00000000dbe00000,0x00000000dbe80000)
 ParOldGen       total 1153024K, used 1152689K [0x0000000080000000, 0x00000000c6600000, 0x00000000d5580000)
  object space 1153024K, 99% used [0x0000000080000000,0x00000000c65ac528,0x00000000c6600000)
 Metaspace       used 88854K, committed 90752K, reserved 1179648K
  class space    used 10294K, committed 11136K, reserved 1048576K
}
Event: 1738.557 GC heap before
{Heap before GC invocations=3128 (full 5):
 PSYoungGen      total 62464K, used 62176K [0x00000000d5580000, 0x00000000dbe80000, 0x0000000100000000)
  eden space 61952K, 100% used [0x00000000d5580000,0x00000000d9200000,0x00000000d9200000)
  from space 512K, 43% used [0x00000000dbd80000,0x00000000dbdb8000,0x00000000dbe00000)
  to   space 512K, 0% used [0x00000000dbe00000,0x00000000dbe00000,0x00000000dbe80000)
 ParOldGen       total 1153024K, used 1152689K [0x0000000080000000, 0x00000000c6600000, 0x00000000d5580000)
  object space 1153024K, 99% used [0x0000000080000000,0x00000000c65ac528,0x00000000c6600000)
 Metaspace       used 88854K, committed 90752K, reserved 1179648K
  class space    used 10294K, committed 11136K, reserved 1048576K
}
Event: 1738.560 GC heap after
{Heap after GC invocations=3128 (full 5):
 PSYoungGen      total 60416K, used 480K [0x00000000d5580000, 0x00000000dbe80000, 0x0000000100000000)
  eden space 59904K, 0% used [0x00000000d5580000,0x00000000d5580000,0x00000000d9000000)
  from space 512K, 93% used [0x00000000dbe00000,0x00000000dbe78000,0x00000000dbe80000)
  to   space 1024K, 0% used [0x00000000dbc80000,0x00000000dbc80000,0x00000000dbd80000)
 ParOldGen       total 1153024K, used 1152689K [0x0000000080000000, 0x00000000c6600000, 0x00000000d5580000)
  object space 1153024K, 99% used [0x0000000080000000,0x00000000c65ac528,0x00000000c6600000)
 Metaspace       used 88854K, committed 90752K, reserved 1179648K
  class space    used 10294K, committed 11136K, reserved 1048576K
}
Event: 1738.777 GC heap before
{Heap before GC invocations=3129 (full 5):
 PSYoungGen      total 60416K, used 60384K [0x00000000d5580000, 0x00000000dbe80000, 0x0000000100000000)
  eden space 59904K, 100% used [0x00000000d5580000,0x00000000d9000000,0x00000000d9000000)
  from space 512K, 93% used [0x00000000dbe00000,0x00000000dbe78000,0x00000000dbe80000)
  to   space 1024K, 0% used [0x00000000dbc80000,0x00000000dbc80000,0x00000000dbd80000)
 ParOldGen       total 1153024K, used 1152689K [0x0000000080000000, 0x00000000c6600000, 0x00000000d5580000)
  object space 1153024K, 99% used [0x0000000080000000,0x00000000c65ac528,0x00000000c6600000)
 Metaspace       used 88857K, committed 90752K, reserved 1179648K
  class space    used 10294K, committed 11136K, reserved 1048576K
}
Event: 1738.780 GC heap after
{Heap after GC invocations=3129 (full 5):
 PSYoungGen      total 59392K, used 1017K [0x00000000d5580000, 0x00000000dbe80000, 0x0000000100000000)
  eden space 58368K, 0% used [0x00000000d5580000,0x00000000d5580000,0x00000000d8e80000)
  from space 1024K, 99% used [0x00000000dbc80000,0x00000000dbd7e768,0x00000000dbd80000)
  to   space 1024K, 0% used [0x00000000dbd80000,0x00000000dbd80000,0x00000000dbe80000)
 ParOldGen       total 1153024K, used 1152949K [0x0000000080000000, 0x00000000c6600000, 0x00000000d5580000)
  object space 1153024K, 99% used [0x0000000080000000,0x00000000c65ed5a0,0x00000000c6600000)
 Metaspace       used 88857K, committed 90752K, reserved 1179648K
  class space    used 10294K, committed 11136K, reserved 1048576K
}
Event: 1738.947 GC heap before
{Heap before GC invocations=3130 (full 5):
 PSYoungGen      total 59392K, used 59385K [0x00000000d5580000, 0x00000000dbe80000, 0x0000000100000000)
  eden space 58368K, 100% used [0x00000000d5580000,0x00000000d8e80000,0x00000000d8e80000)
  from space 1024K, 99% used [0x00000000dbc80000,0x00000000dbd7e768,0x00000000dbd80000)
  to   space 1024K, 0% used [0x00000000dbd80000,0x00000000dbd80000,0x00000000dbe80000)
 ParOldGen       total 1153024K, used 1152949K [0x0000000080000000, 0x00000000c6600000, 0x00000000d5580000)
  object space 1153024K, 99% used [0x0000000080000000,0x00000000c65ed5a0,0x00000000c6600000)
 Metaspace       used 88857K, committed 90752K, reserved 1179648K
  class space    used 10294K, committed 11136K, reserved 1048576K
}
Event: 1738.951 GC heap after
{Heap after GC invocations=3130 (full 5):
 PSYoungGen      total 57856K, used 1024K [0x00000000d5580000, 0x00000000dbe80000, 0x0000000100000000)
  eden space 56832K, 0% used [0x00000000d5580000,0x00000000d5580000,0x00000000d8d00000)
  from space 1024K, 100% used [0x00000000dbd80000,0x00000000dbe80000,0x00000000dbe80000)
  to   space 2048K, 0% used [0x00000000dba80000,0x00000000dba80000,0x00000000dbc80000)
 ParOldGen       total 1153536K, used 1153421K [0x0000000080000000, 0x00000000c6680000, 0x00000000d5580000)
  object space 1153536K, 99% used [0x0000000080000000,0x00000000c6663480,0x00000000c6680000)
 Metaspace       used 88857K, committed 90752K, reserved 1179648K
  class space    used 10294K, committed 11136K, reserved 1048576K
}
Event: 1739.041 GC heap before
{Heap before GC invocations=3131 (full 5):
 PSYoungGen      total 57856K, used 57629K [0x00000000d5580000, 0x00000000dbe80000, 0x0000000100000000)
  eden space 56832K, 99% used [0x00000000d5580000,0x00000000d8cc7580,0x00000000d8d00000)
  from space 1024K, 100% used [0x00000000dbd80000,0x00000000dbe80000,0x00000000dbe80000)
  to   space 2048K, 0% used [0x00000000dba80000,0x00000000dba80000,0x00000000dbc80000)
 ParOldGen       total 1153536K, used 1153421K [0x0000000080000000, 0x00000000c6680000, 0x00000000d5580000)
  object space 1153536K, 99% used [0x0000000080000000,0x00000000c6663480,0x00000000c6680000)
 Metaspace       used 88857K, committed 90752K, reserved 1179648K
  class space    used 10294K, committed 11136K, reserved 1048576K
}
Event: 1739.047 GC heap after
{Heap after GC invocations=3131 (full 5):
 PSYoungGen      total 57344K, used 560K [0x00000000d5580000, 0x00000000dbe00000, 0x0000000100000000)
  eden space 55296K, 0% used [0x00000000d5580000,0x00000000d5580000,0x00000000d8b80000)
  from space 2048K, 27% used [0x00000000dba80000,0x00000000dbb0c110,0x00000000dbc80000)
  to   space 1024K, 0% used [0x00000000dbd00000,0x00000000dbd00000,0x00000000dbe00000)
 ParOldGen       total 1154560K, used 1154455K [0x0000000080000000, 0x00000000c6780000, 0x00000000d5580000)
  object space 1154560K, 99% used [0x0000000080000000,0x00000000c6765f68,0x00000000c6780000)
 Metaspace       used 88857K, committed 90752K, reserved 1179648K
  class space    used 10294K, committed 11136K, reserved 1048576K
}
Event: 1739.182 GC heap before
{Heap before GC invocations=3132 (full 5):
 PSYoungGen      total 57344K, used 55856K [0x00000000d5580000, 0x00000000dbe00000, 0x0000000100000000)
  eden space 55296K, 100% used [0x00000000d5580000,0x00000000d8b80000,0x00000000d8b80000)
  from space 2048K, 27% used [0x00000000dba80000,0x00000000dbb0c110,0x00000000dbc80000)
  to   space 1024K, 0% used [0x00000000dbd00000,0x00000000dbd00000,0x00000000dbe00000)
 ParOldGen       total 1154560K, used 1154455K [0x0000000080000000, 0x00000000c6780000, 0x00000000d5580000)
  object space 1154560K, 99% used [0x0000000080000000,0x00000000c6765f68,0x00000000c6780000)
 Metaspace       used 88876K, committed 90752K, reserved 1179648K
  class space    used 10294K, committed 11136K, reserved 1048576K
}
Event: 1739.190 GC heap after
{Heap after GC invocations=3132 (full 5):
 PSYoungGen      total 54784K, used 1010K [0x00000000d5580000, 0x00000000dbe00000, 0x0000000100000000)
  eden space 53760K, 0% used [0x00000000d5580000,0x00000000d5580000,0x00000000d8a00000)
  from space 1024K, 98% used [0x00000000dbd00000,0x00000000dbdfc948,0x00000000dbe00000)
  to   space 11264K, 0% used [0x00000000da800000,0x00000000da800000,0x00000000db300000)
 ParOldGen       total 1163264K, used 1162909K [0x0000000080000000, 0x00000000c7000000, 0x00000000d5580000)
  object space 1163264K, 99% used [0x0000000080000000,0x00000000c6fa7448,0x00000000c7000000)
 Metaspace       used 88876K, committed 90752K, reserved 1179648K
  class space    used 10294K, committed 11136K, reserved 1048576K
}
Event: 1739.218 GC heap before
{Heap before GC invocations=3133 (full 5):
 PSYoungGen      total 54784K, used 54770K [0x00000000d5580000, 0x00000000dbe00000, 0x0000000100000000)
  eden space 53760K, 100% used [0x00000000d5580000,0x00000000d8a00000,0x00000000d8a00000)
  from space 1024K, 98% used [0x00000000dbd00000,0x00000000dbdfc948,0x00000000dbe00000)
  to   space 11264K, 0% used [0x00000000da800000,0x00000000da800000,0x00000000db300000)
 ParOldGen       total 1163264K, used 1162909K [0x0000000080000000, 0x00000000c7000000, 0x00000000d5580000)
  object space 1163264K, 99% used [0x0000000080000000,0x00000000c6fa7448,0x00000000c7000000)
 Metaspace       used 88876K, committed 90752K, reserved 1179648K
  class space    used 10294K, committed 11136K, reserved 1048576K
}
Event: 1739.237 GC heap after
{Heap after GC invocations=3133 (full 5):
 PSYoungGen      total 63488K, used 11237K [0x00000000d5580000, 0x00000000dbd80000, 0x0000000100000000)
  eden space 52224K, 0% used [0x00000000d5580000,0x00000000d5580000,0x00000000d8880000)
  from space 11264K, 99% used [0x00000000da800000,0x00000000db2f9530,0x00000000db300000)
  to   space 10752K, 0% used [0x00000000db300000,0x00000000db300000,0x00000000dbd80000)
 ParOldGen       total 1167360K, used 1166874K [0x0000000080000000, 0x00000000c7400000, 0x00000000d5580000)
  object space 1167360K, 99% used [0x0000000080000000,0x00000000c73868e0,0x00000000c7400000)
 Metaspace       used 88876K, committed 90752K, reserved 1179648K
  class space    used 10294K, committed 11136K, reserved 1048576K
}
Event: 1739.260 GC heap before
{Heap before GC invocations=3134 (full 5):
 PSYoungGen      total 63488K, used 63461K [0x00000000d5580000, 0x00000000dbd80000, 0x0000000100000000)
  eden space 52224K, 100% used [0x00000000d5580000,0x00000000d8880000,0x00000000d8880000)
  from space 11264K, 99% used [0x00000000da800000,0x00000000db2f9530,0x00000000db300000)
  to   space 10752K, 0% used [0x00000000db300000,0x00000000db300000,0x00000000dbd80000)
 ParOldGen       total 1167360K, used 1166874K [0x0000000080000000, 0x00000000c7400000, 0x00000000d5580000)
  object space 1167360K, 99% used [0x0000000080000000,0x00000000c73868e0,0x00000000c7400000)
 Metaspace       used 88876K, committed 90752K, reserved 1179648K
  class space    used 10294K, committed 11136K, reserved 1048576K
}
Event: 1739.283 GC heap after
{Heap after GC invocations=3134 (full 5):
 PSYoungGen      total 72192K, used 10740K [0x00000000d5580000, 0x00000000dc280000, 0x0000000100000000)
  eden space 61440K, 0% used [0x00000000d5580000,0x00000000d5580000,0x00000000d9180000)
  from space 10752K, 99% used [0x00000000db300000,0x00000000dbd7d0f8,0x00000000dbd80000)
  to   space 25088K, 0% used [0x00000000d9180000,0x00000000d9180000,0x00000000daa00000)
 ParOldGen       total 1179648K, used 1179481K [0x0000000080000000, 0x00000000c8000000, 0x00000000d5580000)
  object space 1179648K, 99% used [0x0000000080000000,0x00000000c7fd6450,0x00000000c8000000)
 Metaspace       used 88876K, committed 90752K, reserved 1179648K
  class space    used 10294K, committed 11136K, reserved 1048576K
}

